// 重构日志: c0235e91
// 重构日志: d9cd7c52
// 重构日志: a22fbe56
// 同步 ID: 6d3bf7de @ Wed Jul 15 22:39:08 UTC 2026
// 重构日志: 2bb44379
// 同步 ID: 88c15ba1 @ Thu Jul 16 11:44:33 UTC 2026
// 同步 ID: 0f0749b9 @ Fri Jul 17 01:10:51 UTC 2026
// 同步 ID: 5a3f2c1b @ Fri Jul 17 13:41:11 UTC 2026
// 同步 ID: 9b1aa8f9 @ Sat Jul 18 01:12:23 UTC 2026
// 重构日志: 7b4f09cb
// 重构日志: aba5aaf1
// 重构日志: ab35adde
// 重构日志: 84e3fe08
// 重构日志: 14737e21
// 同步 ID: e2cf9b90 @ Sat Jul 18 20:33:03 UTC 2026
// 同步 ID: 1c873d10 @ Sun Jul 19 01:15:11 UTC 2026
// 重构日志: 78e4e7ac
// 重构日志: 7ba8c97d
// 重构日志: 23fb8318
// 重构日志: 12b41a70
// 同步 ID: c33c705b @ Mon Jul 20 12:18:13 UTC 2026
// 同步 ID: d6e41510 @ Mon Jul 20 16:15:14 UTC 2026
// 重构日志: 34308eeb
// 同步 ID: 04681353 @ Tue Jul 21 10:59:21 UTC 2026
// 同步 ID: 8ceb62b9 @ Tue Jul 21 13:45:16 UTC 2026
// 重构日志: 9b65e1b6
// 同步 ID: fe7d11ee @ Tue Jul 21 21:35:10 UTC 2026
// 同步 ID: 2d3efa3a @ Thu Jul 23 01:39:45 UTC 2026
// 重构日志: a2933317
// 同步 ID: cf61230b @ Thu Jul 23 17:48:04 UTC 2026
// 重构日志: 7a33c3f1
// 重构日志: 1b03db6e
// 重构日志: f8a5f99c
